Determining if the CL_VERSION_2_2 exist failed with the following output:
Change Dir: /Users/william/Desktop/GitRes/ethminer-macbook-pro/build/CMakeFiles/CMakeTmp

Run Build Command(s):/usr/bin/make -f Makefile cmTC_4fff5/fast && /Library/Developer/CommandLineTools/usr/bin/make  -f CMakeFiles/cmTC_4fff5.dir/build.make CMakeFiles/cmTC_4fff5.dir/build
Building C object CMakeFiles/cmTC_4fff5.dir/CheckSymbolExists.c.o
/usr/bin/gcc  -F/Library/Developer/CommandLineTools/SDKs/MacOSX11.3.sdk/System/Library/Frameworks -isysroot /Library/Developer/CommandLineTools/SDKs/MacOSX11.3.sdk -MD -MT CMakeFiles/cmTC_4fff5.dir/CheckSymbolExists.c.o -MF CMakeFiles/cmTC_4fff5.dir/CheckSymbolExists.c.o.d -o CMakeFiles/cmTC_4fff5.dir/CheckSymbolExists.c.o -c /Users/william/Desktop/GitRes/ethminer-macbook-pro/build/CMakeFiles/CMakeTmp/CheckSymbolExists.c
/Users/william/Desktop/GitRes/ethminer-macbook-pro/build/CMakeFiles/CMakeTmp/CheckSymbolExists.c:8:19: error: use of undeclared identifier 'CL_VERSION_2_2'
  return ((int*)(&CL_VERSION_2_2))[argc];
                  ^
1 error generated.
make[1]: *** [CMakeFiles/cmTC_4fff5.dir/CheckSymbolExists.c.o] Error 1
make: *** [cmTC_4fff5/fast] Error 2


File /Users/william/Desktop/GitRes/ethminer-macbook-pro/build/CMakeFiles/CMakeTmp/CheckSymbolExists.c:
/* */
#include </Library/Developer/CommandLineTools/SDKs/MacOSX11.3.sdk/System/Library/Frameworks/OpenCL.framework/Headers/cl.h>

int main(int argc, char** argv)
{
  (void)argv;
#ifndef CL_VERSION_2_2
  return ((int*)(&CL_VERSION_2_2))[argc];
#else
  (void)argc;
  return 0;
#endif
}
Determining if the CL_VERSION_2_1 exist failed with the following output:
Change Dir: /Users/william/Desktop/GitRes/ethminer-macbook-pro/build/CMakeFiles/CMakeTmp

Run Build Command(s):/usr/bin/make -f Makefile cmTC_a7c85/fast && /Library/Developer/CommandLineTools/usr/bin/make  -f CMakeFiles/cmTC_a7c85.dir/build.make CMakeFiles/cmTC_a7c85.dir/build
Building C object CMakeFiles/cmTC_a7c85.dir/CheckSymbolExists.c.o
/usr/bin/gcc  -F/Library/Developer/CommandLineTools/SDKs/MacOSX11.3.sdk/System/Library/Frameworks -isysroot /Library/Developer/CommandLineTools/SDKs/MacOSX11.3.sdk -MD -MT CMakeFiles/cmTC_a7c85.dir/CheckSymbolExists.c.o -MF CMakeFiles/cmTC_a7c85.dir/CheckSymbolExists.c.o.d -o CMakeFiles/cmTC_a7c85.dir/CheckSymbolExists.c.o -c /Users/william/Desktop/GitRes/ethminer-macbook-pro/build/CMakeFiles/CMakeTmp/CheckSymbolExists.c
/Users/william/Desktop/GitRes/ethminer-macbook-pro/build/CMakeFiles/CMakeTmp/CheckSymbolExists.c:8:19: error: use of undeclared identifier 'CL_VERSION_2_1'
  return ((int*)(&CL_VERSION_2_1))[argc];
                  ^
1 error generated.
make[1]: *** [CMakeFiles/cmTC_a7c85.dir/CheckSymbolExists.c.o] Error 1
make: *** [cmTC_a7c85/fast] Error 2


File /Users/william/Desktop/GitRes/ethminer-macbook-pro/build/CMakeFiles/CMakeTmp/CheckSymbolExists.c:
/* */
#include </Library/Developer/CommandLineTools/SDKs/MacOSX11.3.sdk/System/Library/Frameworks/OpenCL.framework/Headers/cl.h>

int main(int argc, char** argv)
{
  (void)argv;
#ifndef CL_VERSION_2_1
  return ((int*)(&CL_VERSION_2_1))[argc];
#else
  (void)argc;
  return 0;
#endif
}
Determining if the CL_VERSION_2_0 exist failed with the following output:
Change Dir: /Users/william/Desktop/GitRes/ethminer-macbook-pro/build/CMakeFiles/CMakeTmp

Run Build Command(s):/usr/bin/make -f Makefile cmTC_2985d/fast && /Library/Developer/CommandLineTools/usr/bin/make  -f CMakeFiles/cmTC_2985d.dir/build.make CMakeFiles/cmTC_2985d.dir/build
Building C object CMakeFiles/cmTC_2985d.dir/CheckSymbolExists.c.o
/usr/bin/gcc  -F/Library/Developer/CommandLineTools/SDKs/MacOSX11.3.sdk/System/Library/Frameworks -isysroot /Library/Developer/CommandLineTools/SDKs/MacOSX11.3.sdk -MD -MT CMakeFiles/cmTC_2985d.dir/CheckSymbolExists.c.o -MF CMakeFiles/cmTC_2985d.dir/CheckSymbolExists.c.o.d -o CMakeFiles/cmTC_2985d.dir/CheckSymbolExists.c.o -c /Users/william/Desktop/GitRes/ethminer-macbook-pro/build/CMakeFiles/CMakeTmp/CheckSymbolExists.c
/Users/william/Desktop/GitRes/ethminer-macbook-pro/build/CMakeFiles/CMakeTmp/CheckSymbolExists.c:8:19: error: use of undeclared identifier 'CL_VERSION_2_0'
  return ((int*)(&CL_VERSION_2_0))[argc];
                  ^
1 error generated.
make[1]: *** [CMakeFiles/cmTC_2985d.dir/CheckSymbolExists.c.o] Error 1
make: *** [cmTC_2985d/fast] Error 2


File /Users/william/Desktop/GitRes/ethminer-macbook-pro/build/CMakeFiles/CMakeTmp/CheckSymbolExists.c:
/* */
#include </Library/Developer/CommandLineTools/SDKs/MacOSX11.3.sdk/System/Library/Frameworks/OpenCL.framework/Headers/cl.h>

int main(int argc, char** argv)
{
  (void)argv;
#ifndef CL_VERSION_2_0
  return ((int*)(&CL_VERSION_2_0))[argc];
#else
  (void)argc;
  return 0;
#endif
}
Compiling the C compiler identification source file "CMakeCCompilerId.c" failed.
Compiler: /Library/Developer/CommandLineTools/usr/bin/cc 
Build flags: 
Id flags:  

The output was:
1
ld: library not found for -lSystem
clang: error: linker command failed with exit code 1 (use -v to see invocation)


Compiling the CXX compiler identification source file "CMakeCXXCompilerId.cpp" failed.
Compiler: /Library/Developer/CommandLineTools/usr/bin/c++ 
Build flags: 
Id flags:  

The output was:
1
ld: library not found for -lc++
clang: error: linker command failed with exit code 1 (use -v to see invocation)


Determining if the CL_VERSION_2_2 exist failed with the following output:
Change Dir: /Users/william/Desktop/GitRes/ethminer-macbook-pro/build/CMakeFiles/CMakeTmp

Run Build Command(s):/usr/bin/make -f Makefile cmTC_22826/fast && /Library/Developer/CommandLineTools/usr/bin/make  -f CMakeFiles/cmTC_22826.dir/build.make CMakeFiles/cmTC_22826.dir/build
Building C object CMakeFiles/cmTC_22826.dir/CheckSymbolExists.c.o
/Library/Developer/CommandLineTools/usr/bin/cc  -F/Library/Developer/CommandLineTools/SDKs/MacOSX11.3.sdk/System/Library/Frameworks -isysroot /Library/Developer/CommandLineTools/SDKs/MacOSX11.3.sdk -MD -MT CMakeFiles/cmTC_22826.dir/CheckSymbolExists.c.o -MF CMakeFiles/cmTC_22826.dir/CheckSymbolExists.c.o.d -o CMakeFiles/cmTC_22826.dir/CheckSymbolExists.c.o -c /Users/william/Desktop/GitRes/ethminer-macbook-pro/build/CMakeFiles/CMakeTmp/CheckSymbolExists.c
/Users/william/Desktop/GitRes/ethminer-macbook-pro/build/CMakeFiles/CMakeTmp/CheckSymbolExists.c:8:19: error: use of undeclared identifier 'CL_VERSION_2_2'
  return ((int*)(&CL_VERSION_2_2))[argc];
                  ^
1 error generated.
make[1]: *** [CMakeFiles/cmTC_22826.dir/CheckSymbolExists.c.o] Error 1
make: *** [cmTC_22826/fast] Error 2


File /Users/william/Desktop/GitRes/ethminer-macbook-pro/build/CMakeFiles/CMakeTmp/CheckSymbolExists.c:
/* */
#include </Library/Developer/CommandLineTools/SDKs/MacOSX11.3.sdk/System/Library/Frameworks/OpenCL.framework/Headers/cl.h>

int main(int argc, char** argv)
{
  (void)argv;
#ifndef CL_VERSION_2_2
  return ((int*)(&CL_VERSION_2_2))[argc];
#else
  (void)argc;
  return 0;
#endif
}
Determining if the CL_VERSION_2_1 exist failed with the following output:
Change Dir: /Users/william/Desktop/GitRes/ethminer-macbook-pro/build/CMakeFiles/CMakeTmp

Run Build Command(s):/usr/bin/make -f Makefile cmTC_15497/fast && /Library/Developer/CommandLineTools/usr/bin/make  -f CMakeFiles/cmTC_15497.dir/build.make CMakeFiles/cmTC_15497.dir/build
Building C object CMakeFiles/cmTC_15497.dir/CheckSymbolExists.c.o
/Library/Developer/CommandLineTools/usr/bin/cc  -F/Library/Developer/CommandLineTools/SDKs/MacOSX11.3.sdk/System/Library/Frameworks -isysroot /Library/Developer/CommandLineTools/SDKs/MacOSX11.3.sdk -MD -MT CMakeFiles/cmTC_15497.dir/CheckSymbolExists.c.o -MF CMakeFiles/cmTC_15497.dir/CheckSymbolExists.c.o.d -o CMakeFiles/cmTC_15497.dir/CheckSymbolExists.c.o -c /Users/william/Desktop/GitRes/ethminer-macbook-pro/build/CMakeFiles/CMakeTmp/CheckSymbolExists.c
/Users/william/Desktop/GitRes/ethminer-macbook-pro/build/CMakeFiles/CMakeTmp/CheckSymbolExists.c:8:19: error: use of undeclared identifier 'CL_VERSION_2_1'
  return ((int*)(&CL_VERSION_2_1))[argc];
                  ^
1 error generated.
make[1]: *** [CMakeFiles/cmTC_15497.dir/CheckSymbolExists.c.o] Error 1
make: *** [cmTC_15497/fast] Error 2


File /Users/william/Desktop/GitRes/ethminer-macbook-pro/build/CMakeFiles/CMakeTmp/CheckSymbolExists.c:
/* */
#include </Library/Developer/CommandLineTools/SDKs/MacOSX11.3.sdk/System/Library/Frameworks/OpenCL.framework/Headers/cl.h>

int main(int argc, char** argv)
{
  (void)argv;
#ifndef CL_VERSION_2_1
  return ((int*)(&CL_VERSION_2_1))[argc];
#else
  (void)argc;
  return 0;
#endif
}
Determining if the CL_VERSION_2_0 exist failed with the following output:
Change Dir: /Users/william/Desktop/GitRes/ethminer-macbook-pro/build/CMakeFiles/CMakeTmp

Run Build Command(s):/usr/bin/make -f Makefile cmTC_2313d/fast && /Library/Developer/CommandLineTools/usr/bin/make  -f CMakeFiles/cmTC_2313d.dir/build.make CMakeFiles/cmTC_2313d.dir/build
Building C object CMakeFiles/cmTC_2313d.dir/CheckSymbolExists.c.o
/Library/Developer/CommandLineTools/usr/bin/cc  -F/Library/Developer/CommandLineTools/SDKs/MacOSX11.3.sdk/System/Library/Frameworks -isysroot /Library/Developer/CommandLineTools/SDKs/MacOSX11.3.sdk -MD -MT CMakeFiles/cmTC_2313d.dir/CheckSymbolExists.c.o -MF CMakeFiles/cmTC_2313d.dir/CheckSymbolExists.c.o.d -o CMakeFiles/cmTC_2313d.dir/CheckSymbolExists.c.o -c /Users/william/Desktop/GitRes/ethminer-macbook-pro/build/CMakeFiles/CMakeTmp/CheckSymbolExists.c
/Users/william/Desktop/GitRes/ethminer-macbook-pro/build/CMakeFiles/CMakeTmp/CheckSymbolExists.c:8:19: error: use of undeclared identifier 'CL_VERSION_2_0'
  return ((int*)(&CL_VERSION_2_0))[argc];
                  ^
1 error generated.
make[1]: *** [CMakeFiles/cmTC_2313d.dir/CheckSymbolExists.c.o] Error 1
make: *** [cmTC_2313d/fast] Error 2


File /Users/william/Desktop/GitRes/ethminer-macbook-pro/build/CMakeFiles/CMakeTmp/CheckSymbolExists.c:
/* */
#include </Library/Developer/CommandLineTools/SDKs/MacOSX11.3.sdk/System/Library/Frameworks/OpenCL.framework/Headers/cl.h>

int main(int argc, char** argv)
{
  (void)argv;
#ifndef CL_VERSION_2_0
  return ((int*)(&CL_VERSION_2_0))[argc];
#else
  (void)argc;
  return 0;
#endif
}
